<?xml version="1.0" encoding="UTF-8"?>
<!-- Generated by org.testng.reporters.JUnitReportReporter -->
<testsuite hostname="AMD-HP-ENVY" failures="0" tests="4" name="REST_API.TestApi" time="153.768" errors="0" timestamp="2021-07-01T03:31:01 CDT" skipped="0">
  <testcase classname="REST_API.TestApi" name="peopleHeight" time="0.012"/>
  <system-out/>
  <testcase classname="REST_API.TestApi" name="successfulResponse" time="1.757"/>
  <system-out/>
  <testcase classname="REST_API.TestApi" name="tenIndividuals" time="0.002"/>
  <system-out/>
  <testcase classname="REST_API.TestApi" name="peopleNameCount" time="151.997"/>
  <system-out/>
</testsuite> <!-- REST_API.TestApi -->
