<?xml version="1.0" encoding="UTF-8"?>
<!-- Generated by org.testng.reporters.JUnitReportReporter -->
<testsuite hostname="AMD-HP-ENVY" failures="0" tests="1" name="REST_API.TestApi" time="94.104" errors="0" timestamp="2021-07-02T03:27:41 CDT" skipped="0">
  <testcase classname="REST_API.TestApi" name="GetHeight" time="94.104"/>
  <system-out/>
</testsuite> <!-- REST_API.TestApi -->
